<?xml version="1.0" encoding="UTF-8"?>
<testsuite xmlns:xsi="http://www.w3.org/2001/XMLSchema-instance" xsi:noNamespaceSchemaLocation="https://maven.apache.org/surefire/maven-surefire-plugin/xsd/surefire-test-report-3.0.xsd" version="3.0" name="TestSuite" time="381.91" tests="21" errors="0" skipped="0" failures="0">
  <properties>
[...]
</properties>
  <testcase name="runScenario[&quot;Contact Us Feature succusfull&quot;, &quot;Contact Us Feature&quot;](1)" classname="runner.TestRunner" time="25.647">
    <system-out><![CDATA[Your message has been successfully sent to our team.
]]></system-out>
    <system-err><![CDATA[Mar 07, 2025 6:57:11 PM org.openqa.selenium.devtools.CdpVersionFinder findNearestMatch
WARNING: Unable to find an exact match for CDP version 133, returning the closest version; found: 132; Please update to a Selenium version that supports CDP version 133
]]></system-err>
  </testcase>
  <testcase name="runScenario[&quot;Contact Us Feature succusfull&quot;, &quot;Contact Us Feature&quot;](2)" classname="runner.TestRunner" time="17.154">
    <system-out><![CDATA[Your message has been successfully sent to our team.
]]></system-out>
    <system-err><![CDATA[Mar 07, 2025 6:57:33 PM org.openqa.selenium.devtools.CdpVersionFinder findNearestMatch
WARNING: Unable to find an exact match for CDP version 133, returning the closest version; found: 132; Please update to a Selenium version that supports CDP version 133
]]></system-err>
  </testcase>
  <testcase name="runScenario[&quot;Contact Us Feature succusfull&quot;, &quot;Contact Us Feature&quot;](3)" classname="runner.TestRunner" time="25.441">
    <system-out><![CDATA[Your message has been successfully sent to our team.
]]></system-out>
    <system-err><![CDATA[Mar 07, 2025 6:57:50 PM org.openqa.selenium.devtools.CdpVersionFinder findNearestMatch
WARNING: Unable to find an exact match for CDP version 133, returning the closest version; found: 132; Please update to a Selenium version that supports CDP version 133
]]></system-err>
  </testcase>
  <testcase name="runScenario[&quot;Contact Us Feature succusfull&quot;, &quot;Contact Us Feature&quot;](4)" classname="runner.TestRunner" time="16.732">
    <system-out><![CDATA[Your message has been successfully sent to our team.
]]></system-out>
    <system-err><![CDATA[Mar 07, 2025 6:58:16 PM org.openqa.selenium.devtools.CdpVersionFinder findNearestMatch
WARNING: Unable to find an exact match for CDP version 133, returning the closest version; found: 132; Please update to a Selenium version that supports CDP version 133
]]></system-err>
  </testcase>
  <testcase name="runScenario[&quot;Contact Us Feature succusfull&quot;, &quot;Contact Us Feature&quot;](5)" classname="runner.TestRunner" time="17.866">
    <system-out><![CDATA[Your message has been successfully sent to our team.
]]></system-out>
    <system-err><![CDATA[Mar 07, 2025 6:58:32 PM org.openqa.selenium.devtools.CdpVersionFinder findNearestMatch
WARNING: Unable to find an exact match for CDP version 133, returning the closest version; found: 132; Please update to a Selenium version that supports CDP version 133
]]></system-err>
  </testcase>
  <testcase name="runScenario[&quot;Contact Us Feature succusfull&quot;, &quot;Contact Us Feature&quot;](6)" classname="runner.TestRunner" time="19.057">
    <system-out><![CDATA[Your message has been successfully sent to our team.
]]></system-out>
    <system-err><![CDATA[Mar 07, 2025 6:58:52 PM org.openqa.selenium.devtools.CdpVersionFinder findNearestMatch
WARNING: Unable to find an exact match for CDP version 133, returning the closest version; found: 132; Please update to a Selenium version that supports CDP version 133
]]></system-err>
  </testcase>
  <testcase name="runScenario[&quot;Contact Us Feature succusfull&quot;, &quot;Contact Us Feature&quot;](7)" classname="runner.TestRunner" time="18.27">
    <system-out><![CDATA[Your message has been successfully sent to our team.
]]></system-out>
    <system-err><![CDATA[Mar 07, 2025 6:59:09 PM org.openqa.selenium.devtools.CdpVersionFinder findNearestMatch
WARNING: Unable to find an exact match for CDP version 133, returning the closest version; found: 132; Please update to a Selenium version that supports CDP version 133
]]></system-err>
  </testcase>
  <testcase name="runScenario[&quot;Contact Us Feature succusfull&quot;, &quot;Contact Us Feature&quot;](8)" classname="runner.TestRunner" time="23.936">
    <system-out><![CDATA[Your message has been successfully sent to our team.
]]></system-out>
    <system-err><![CDATA[Mar 07, 2025 6:59:28 PM org.openqa.selenium.devtools.CdpVersionFinder findNearestMatch
WARNING: Unable to find an exact match for CDP version 133, returning the closest version; found: 132; Please update to a Selenium version that supports CDP version 133
]]></system-err>
  </testcase>
  <testcase name="runScenario[&quot;Contact Us Feature succusfull&quot;, &quot;Contact Us Feature&quot;](9)" classname="runner.TestRunner" time="18.613">
    <system-out><![CDATA[Your message has been successfully sent to our team.
]]></system-out>
    <system-err><![CDATA[Mar 07, 2025 6:59:52 PM org.openqa.selenium.devtools.CdpVersionFinder findNearestMatch
WARNING: Unable to find an exact match for CDP version 133, returning the closest version; found: 132; Please update to a Selenium version that supports CDP version 133
]]></system-err>
  </testcase>
  <testcase name="runScenario[&quot;Contact Us Feature succusfull&quot;, &quot;Contact Us Feature&quot;](10)" classname="runner.TestRunner" time="19.284">
    <system-out><![CDATA[Your message has been successfully sent to our team.
]]></system-out>
    <system-err><![CDATA[Mar 07, 2025 7:00:10 PM org.openqa.selenium.devtools.CdpVersionFinder findNearestMatch
WARNING: Unable to find an exact match for CDP version 133, returning the closest version; found: 132; Please update to a Selenium version that supports CDP version 133
]]></system-err>
  </testcase>
  <testcase name="runScenario[&quot;Login Feature successfull&quot;, &quot;LoginFeature&quot;](11)" classname="runner.TestRunner" time="13.913">
    <system-out><![CDATA[true
My account - My Shop
]]></system-out>
    <system-err><![CDATA[Mar 07, 2025 7:00:29 PM org.openqa.selenium.devtools.CdpVersionFinder findNearestMatch
WARNING: Unable to find an exact match for CDP version 133, returning the closest version; found: 132; Please update to a Selenium version that supports CDP version 133
]]></system-err>
  </testcase>
  <testcase name="runScenario[&quot;Login Feature successfull&quot;, &quot;LoginFeature&quot;](12)" classname="runner.TestRunner" time="13.214">
    <system-out><![CDATA[true
My account - My Shop
]]></system-out>
    <system-err><![CDATA[Mar 07, 2025 7:00:43 PM org.openqa.selenium.devtools.CdpVersionFinder findNearestMatch
WARNING: Unable to find an exact match for CDP version 133, returning the closest version; found: 132; Please update to a Selenium version that supports CDP version 133
]]></system-err>
  </testcase>
  <testcase name="runScenario[&quot;Login Feature successfull&quot;, &quot;LoginFeature&quot;](13)" classname="runner.TestRunner" time="13.767">
    <system-out><![CDATA[true
My account - My Shop
]]></system-out>
    <system-err><![CDATA[Mar 07, 2025 7:00:57 PM org.openqa.selenium.devtools.CdpVersionFinder findNearestMatch
WARNING: Unable to find an exact match for CDP version 133, returning the closest version; found: 132; Please update to a Selenium version that supports CDP version 133
]]></system-err>
  </testcase>
  <testcase name="runScenario[&quot;Login Feature successfull&quot;, &quot;LoginFeature&quot;](14)" classname="runner.TestRunner" time="14.011">
    <system-out><![CDATA[true
My account - My Shop
]]></system-out>
    <system-err><![CDATA[Mar 07, 2025 7:01:10 PM org.openqa.selenium.devtools.CdpVersionFinder findNearestMatch
WARNING: Unable to find an exact match for CDP version 133, returning the closest version; found: 132; Please update to a Selenium version that supports CDP version 133
]]></system-err>
  </testcase>
  <testcase name="runScenario[&quot;Login Feature successfull&quot;, &quot;LoginFeature&quot;](15)" classname="runner.TestRunner" time="14.147">
    <system-out><![CDATA[true
My account - My Shop
]]></system-out>
    <system-err><![CDATA[Mar 07, 2025 7:01:24 PM org.openqa.selenium.devtools.CdpVersionFinder findNearestMatch
WARNING: Unable to find an exact match for CDP version 133, returning the closest version; found: 132; Please update to a Selenium version that supports CDP version 133
]]></system-err>
  </testcase>
  <testcase name="runScenario[&quot;Login Feature successfull&quot;, &quot;LoginFeature&quot;](16)" classname="runner.TestRunner" time="14.005">
    <system-out><![CDATA[true
My account - My Shop
]]></system-out>
    <system-err><![CDATA[Mar 07, 2025 7:01:39 PM org.openqa.selenium.devtools.CdpVersionFinder findNearestMatch
WARNING: Unable to find an exact match for CDP version 133, returning the closest version; found: 132; Please update to a Selenium version that supports CDP version 133
]]></system-err>
  </testcase>
  <testcase name="runScenario[&quot;Login Feature successfull&quot;, &quot;LoginFeature&quot;](17)" classname="runner.TestRunner" time="14.135">
    <system-out><![CDATA[true
My account - My Shop
]]></system-out>
    <system-err><![CDATA[Mar 07, 2025 7:01:53 PM org.openqa.selenium.devtools.CdpVersionFinder findNearestMatch
WARNING: Unable to find an exact match for CDP version 133, returning the closest version; found: 132; Please update to a Selenium version that supports CDP version 133
]]></system-err>
  </testcase>
  <testcase name="runScenario[&quot;Login Feature successfull&quot;, &quot;LoginFeature&quot;](18)" classname="runner.TestRunner" time="14.759">
    <system-out><![CDATA[true
My account - My Shop
]]></system-out>
    <system-err><![CDATA[Mar 07, 2025 7:02:07 PM org.openqa.selenium.devtools.CdpVersionFinder findNearestMatch
WARNING: Unable to find an exact match for CDP version 133, returning the closest version; found: 132; Please update to a Selenium version that supports CDP version 133
]]></system-err>
  </testcase>
  <testcase name="runScenario[&quot;Login Feature successfull&quot;, &quot;LoginFeature&quot;](19)" classname="runner.TestRunner" time="14.335">
    <system-out><![CDATA[true
My account - My Shop
]]></system-out>
    <system-err><![CDATA[Mar 07, 2025 7:02:21 PM org.openqa.selenium.devtools.CdpVersionFinder findNearestMatch
WARNING: Unable to find an exact match for CDP version 133, returning the closest version; found: 132; Please update to a Selenium version that supports CDP version 133
]]></system-err>
  </testcase>
  <testcase name="runScenario[&quot;Login Feature successfull&quot;, &quot;LoginFeature&quot;](20)" classname="runner.TestRunner" time="14.258">
    <system-out><![CDATA[true
My account - My Shop
]]></system-out>
    <system-err><![CDATA[Mar 07, 2025 7:02:36 PM org.openqa.selenium.devtools.CdpVersionFinder findNearestMatch
WARNING: Unable to find an exact match for CDP version 133, returning the closest version; found: 132; Please update to a Selenium version that supports CDP version 133
]]></system-err>
  </testcase>
  <testcase name="runScenario[&quot;Sign in Succussfully&quot;, &quot;SignIn feature&quot;](21)" classname="runner.TestRunner" time="19.401">
    <system-out><![CDATA[Your account has been created.
]]></system-out>
    <system-err><![CDATA[Mar 07, 2025 7:02:50 PM org.openqa.selenium.devtools.CdpVersionFinder findNearestMatch
WARNING: Unable to find an exact match for CDP version 133, returning the closest version; found: 132; Please update to a Selenium version that supports CDP version 133
]]></system-err>
  </testcase>
</testsuite>